{
  "stats": {
    "suites": 1,
    "tests": 1,
    "passes": 1,
    "pending": 0,
    "failures": 0,
    "start": "2023-03-28T18:23:37.375Z",
    "end": "2023-03-28T18:23:50.285Z",
    "duration": 12910,
    "testsRegistered": 1,
    "passPercent": 100,
    "pendingPercent": 0,
    "other": 1,
    "hasOther": true,
    "skipped": 0,
    "hasSkipped": false
  },
  "results": [
    {
      "uuid": "5831c93a-6988-46b1-9c83-660bd2cadb6a",
      "title": "",
      "fullFile": "D:\\seleniumDemo\\test\\framework_learn.js",
      "file": "\\test\\framework_learn.js",
      "beforeHooks": [],
      "afterHooks": [],
      "tests": [],
      "suites": [
        {
          "uuid": "c52c23be-b52a-4e81-8639-59f9f0dc8567",
          "title": "add todo tests",
          "fullFile": "D:\\seleniumDemo\\test\\framework_learn.js",
          "file": "\\test\\framework_learn.js",
          "beforeHooks": [],
          "afterHooks": [],
          "tests": [
            {
              "title": "successfully adds a todo to application",
              "fullTitle": "add todo tests successfully adds a todo to application",
              "timedOut": null,
              "duration": 12256,
              "state": "passed",
              "speed": "slow",
              "pass": true,
              "fail": false,
              "pending": false,
              "context": null,
              "code": "//launching the browser\nlet driver = await new Builder().forBrowser(\"chrome\").build();\nlet inputString = \"Learn Cypress for E2E Testing\";\n//navigate to the todo app\nawait driver.get(\"https://lambdatest.github.io/sample-todo-app\");\n//locate the input field and add a todo\n//*[@id=\"sampletodotext\"]\n\nawait driver.findElement(By.id(\"sampletodotext\")).sendKeys(inputString, Key.ENTER);\n//assertion using chai\nlet todoText = await driver.findElement(By.xpath(\"//li[last()]\")).getText().then(function(value){return value});\ntodoText.should.equal(inputString);\n    \n// await driver.findElement(By.id())\n//close the browser\nawait driver.quit();",
              "err": {},
              "uuid": "b49b3f3a-4dbf-44fb-8732-3d3f81194b6b",
              "parentUUID": null,
              "isHook": false,
              "skipped": false
            }
          ],
          "suites": [],
          "passes": [
            "b49b3f3a-4dbf-44fb-8732-3d3f81194b6b"
          ],
          "failures": [],
          "pending": [],
          "skipped": [],
          "duration": 12256,
          "root": false,
          "rootEmpty": false,
          "_timeout": null
        }
      ],
      "passes": [],
      "failures": [],
      "pending": [],
      "skipped": [],
      "duration": 0,
      "root": true,
      "rootEmpty": true,
      "_timeout": 0
    }
  ],
  "meta": {
    "mocha": {
      "version": "10.2.0"
    },
    "mochawesome": {
      "options": {
        "quiet": false,
        "reportFilename": "testresult",
        "saveHtml": true,
        "saveJson": true,
        "consoleReporter": "spec",
        "useInlineDiffs": false,
        "code": true
      },
      "version": "7.1.3"
    },
    "marge": {
      "options": {
        "reportDir": "testreports",
        "reportFilename": "testresult"
      },
      "version": "6.2.0"
    }
  }
}